<?xml version="1.0" encoding="UTF-8"?>
<!-- Generated by org.testng.reporters.JUnitReportReporter -->
<testsuite hostname="Milans-MacBook-Air.local" failures="0" tests="2" name="automation.TestRunner" time="12.016" errors="0" timestamp="2024-10-15T15:12:10 IST" skipped="0">
  <testcase classname="automation.TestRunner" name="runScenario" time="5.877"/>
  <testcase classname="automation.TestRunner" name="runScenario" time="6.139"/>
</testsuite> <!-- automation.TestRunner -->
