<?xml version="1.0" encoding="UTF-8"?>
<!-- Generated by org.testng.reporters.JUnitReportReporter -->
<testsuite hostname="Milans-MacBook-Air.local" failures="0" tests="3" name="automation.TestRunner" time="28.423" errors="0" timestamp="2024-11-15T23:00:59 IST" skipped="0">
  <testcase classname="automation.TestRunner" name="runScenario" time="11.385"/>
  <testcase classname="automation.TestRunner" name="runScenario" time="11.020"/>
  <testcase classname="automation.TestRunner" name="runScenario" time="6.018"/>
</testsuite> <!-- automation.TestRunner -->
