<?xml version="1.0" encoding="UTF-8"?>
<!-- Generated by org.testng.reporters.JUnitReportReporter -->
<testsuite hostname="Milans-MacBook-Air.local" failures="0" tests="1" name="automation.TestRunner" time="7.266" errors="0" timestamp="2024-11-15T16:38:19 IST" skipped="0">
  <testcase classname="automation.TestRunner" name="runScenario" time="7.266"/>
</testsuite> <!-- automation.TestRunner -->
